#
# There is insufficient memory for the Java Runtime Environment to continue.
# Native memory allocation (mmap) failed to map 536870912 bytes for Failed to commit area from 0x0000000601000000 to 0x0000000621000000 of length 536870912.
# Possible reasons:
#   The system is out of physical RAM or swap space
#   The process is running with CompressedOops enabled, and the Java Heap may be blocking the growth of the native heap
# Possible solutions:
#   Reduce memory load on the system
#   Increase physical memory or swap space
#   Check if swap backing store is full
#   Decrease Java heap size (-Xmx/-Xms)
#   Decrease number of Java threads
#   Decrease Java thread stack sizes (-Xss)
#   Set larger code cache with -XX:ReservedCodeCacheSize=
# This output file may be truncated or incomplete.
#
#  Out of Memory Error (src/hotspot/os/windows/os_windows.cpp:3627), pid=9756, tid=16432
#
# JRE version:  (11.0.15+10) (build )
# Java VM: OpenJDK 64-Bit Server VM (11.0.15+10-b2043.56, mixed mode, sharing, tiered, compressed oops, g1 gc, windows-amd64)
# No core dump will be written. Minidumps are not enabled by default on client versions of Windows
#

---------------  S U M M A R Y ------------

Command Line: git4idea.http.GitAskPassApp Username for 'https://github.com': 

Host: Intel(R) Core(TM) i7-4765T CPU @ 2.00GHz, 8 cores, 31G,  Windows 10 , 64 bit Build 19041 (10.0.19041.662)
Time: Wed Feb 26 21:00:38 2025 Russia TZ 2 Standard Time elapsed time: 0.009323 seconds (0d 0h 0m 0s)

---------------  T H R E A D  ---------------

Current thread (0x00000239a6d5b000):  JavaThread "Unknown thread" [_thread_in_vm, id=16432, stack(0x000000bae1500000,0x000000bae1600000)]

Stack: [0x000000bae1500000,0x000000bae1600000]
Native frames: (J=compiled Java code, j=interpreted, Vv=VM code, C=native code)
V  [jvm.dll+0x61612a]
V  [jvm.dll+0x79c450]
V  [jvm.dll+0x79da6d]
V  [jvm.dll+0x79e143]
V  [jvm.dll+0x24cc18]
V  [jvm.dll+0x613174]
V  [jvm.dll+0x607e55]
V  [jvm.dll+0x30b1cb]
V  [jvm.dll+0x30b13a]
V  [jvm.dll+0x30b012]
V  [jvm.dll+0x30ff76]
V  [jvm.dll+0x35b4c3]
V  [jvm.dll+0x35bbc6]
V  [jvm.dll+0x35b5c3]
V  [jvm.dll+0x2e5918]
V  [jvm.dll+0x2e6ab7]
V  [jvm.dll+0x7794f7]
V  [jvm.dll+0x77acec]
V  [jvm.dll+0x368a59]
V  [jvm.dll+0x75ce8e]
V  [jvm.dll+0x3d6a33]
V  [jvm.dll+0x3d9001]
C  [jli.dll+0x536b]
C  [ucrtbase.dll+0x214c2]
C  [KERNEL32.DLL+0x17034]
C  [ntdll.dll+0x4d0d1]


---------------  P R O C E S S  ---------------

Threads class SMR info:
_java_thread_list=0x00000239a53a2320, length=0, elements={
}

Java Threads: ( => current thread )

Other Threads:
  0x00000239a6d74000 GCTaskThread "GC Thread#0" [stack: 0x000000bae1600000,0x000000bae1700000] [id=8508]
  0x00000239a6df7000 ConcurrentGCThread "G1 Main Marker" [stack: 0x000000bae1700000,0x000000bae1800000] [id=3996]
  0x00000239a6df9000 ConcurrentGCThread "G1 Conc#0" [stack: 0x000000bae1800000,0x000000bae1900000] [id=10472]

[error occurred during error reporting (printing all threads), id 0xc0000005, EXCEPTION_ACCESS_VIOLATION (0xc0000005) at pc=0x00007ff9ff736017]

VM state:not at safepoint (not fully initialized)

VM Mutex/Monitor currently owned by a thread:  ([mutex/lock_event])
[0x00000239a6d57590] Heap_lock - owner thread: 0x00000239a6d5b000

Heap address: 0x0000000601000000, size: 8176 MB, Compressed Oops mode: Non-zero based: 0x0000000601000000
Narrow klass base: 0x0000000000000000, Narrow klass shift: 0

GC Heap History (0 events):
No events

Deoptimization events (0 events):
No events

Classes redefined (0 events):
No events

Internal exceptions (0 events):
No events

Events (1 events):
Event: 0.006 Loaded shared library C:\Program Files\JetBrains\PyCharm Community Edition 2022.1.4\jbr\bin\zip.dll


Dynamic libraries:
0x00007ff64b520000 - 0x00007ff64b52a000 	C:\Program Files\JetBrains\PyCharm Community Edition 2022.1.4\jbr\bin\java.exe
0x00007ffa2cfd0000 - 0x00007ffa2d1c6000 	C:\Windows\SYSTEM32\ntdll.dll
0x00007ffa2b740000 - 0x00007ffa2b7fd000 	C:\Windows\System32\KERNEL32.DLL
0x00007ffa2aaa0000 - 0x00007ffa2ad69000 	C:\Windows\System32\KERNELBASE.dll
0x00007ffa2a9a0000 - 0x00007ffa2aaa0000 	C:\Windows\System32\ucrtbase.dll
0x00007ffa03af0000 - 0x00007ffa03b09000 	C:\Program Files\JetBrains\PyCharm Community Edition 2022.1.4\jbr\bin\jli.dll
0x00007ffa03390000 - 0x00007ffa033a6000 	C:\Program Files\JetBrains\PyCharm Community Edition 2022.1.4\jbr\bin\VCRUNTIME140.dll
0x00007ffa2b130000 - 0x00007ffa2b2d0000 	C:\Windows\System32\USER32.dll
0x00007ffa2b000000 - 0x00007ffa2b022000 	C:\Windows\System32\win32u.dll
0x00007ffa118f0000 - 0x00007ffa11b8b000 	C:\Windows\WinSxS\amd64_microsoft.windows.common-controls_6595b64144ccf1df_6.0.19041.746_none_ca02b4b61b8320a4\COMCTL32.dll
0x00007ffa2ba10000 - 0x00007ffa2ba3a000 	C:\Windows\System32\GDI32.dll
0x00007ffa2b5b0000 - 0x00007ffa2b64e000 	C:\Windows\System32\msvcrt.dll
0x00007ffa2a790000 - 0x00007ffa2a89b000 	C:\Windows\System32\gdi32full.dll
0x00007ffa2ae00000 - 0x00007ffa2ae9d000 	C:\Windows\System32\msvcp_win.dll
0x00007ffa2b100000 - 0x00007ffa2b130000 	C:\Windows\System32\IMM32.DLL
0x00007ffa032e0000 - 0x00007ffa0338a000 	C:\Program Files\JetBrains\PyCharm Community Edition 2022.1.4\jbr\bin\msvcp140.dll
0x00007ff9ff440000 - 0x00007ff9fffbb000 	C:\Program Files\JetBrains\PyCharm Community Edition 2022.1.4\jbr\bin\server\jvm.dll
0x00007ffa2b820000 - 0x00007ffa2b8cc000 	C:\Windows\System32\ADVAPI32.dll
0x00007ffa2c590000 - 0x00007ffa2c62c000 	C:\Windows\System32\sechost.dll
0x00007ffa2bee0000 - 0x00007ffa2c00b000 	C:\Windows\System32\RPCRT4.dll
0x00007ffa2c630000 - 0x00007ffa2c638000 	C:\Windows\System32\PSAPI.DLL
0x00007ffa13490000 - 0x00007ffa13499000 	C:\Windows\SYSTEM32\WSOCK32.dll
0x00007ffa20a80000 - 0x00007ffa20aa7000 	C:\Windows\SYSTEM32\WINMM.dll
0x00007ffa22ed0000 - 0x00007ffa22eda000 	C:\Windows\SYSTEM32\VERSION.dll
0x00007ffa2b650000 - 0x00007ffa2b6bb000 	C:\Windows\System32\WS2_32.dll
0x00007ffa28690000 - 0x00007ffa286a2000 	C:\Windows\SYSTEM32\kernel.appcore.dll
0x00007ffa13470000 - 0x00007ffa13481000 	C:\Program Files\JetBrains\PyCharm Community Edition 2022.1.4\jbr\bin\verify.dll
0x00007ffa14210000 - 0x00007ffa143f4000 	C:\Windows\SYSTEM32\DBGHELP.DLL
0x00007ffa17e10000 - 0x00007ffa17e3c000 	C:\Windows\SYSTEM32\dbgcore.DLL
0x00007ffa2a710000 - 0x00007ffa2a790000 	C:\Windows\System32\bcryptPrimitives.dll
0x00007ffa00410000 - 0x00007ffa00439000 	C:\Program Files\JetBrains\PyCharm Community Edition 2022.1.4\jbr\bin\java.dll
0x00007ffa13440000 - 0x00007ffa1344b000 	C:\Program Files\JetBrains\PyCharm Community Edition 2022.1.4\jbr\bin\jimage.dll
0x00007ffa00760000 - 0x00007ffa00779000 	C:\Program Files\JetBrains\PyCharm Community Edition 2022.1.4\jbr\bin\zip.dll

dbghelp: loaded successfully - version: 4.0.5 - missing functions: none
symbol engine: initialized successfully - sym options: 0x614 - pdb path: .;C:\Program Files\JetBrains\PyCharm Community Edition 2022.1.4\jbr\bin;C:\Windows\SYSTEM32;C:\Windows\WinSxS\amd64_microsoft.windows.common-controls_6595b64144ccf1df_6.0.19041.746_none_ca02b4b61b8320a4;C:\Program Files\JetBrains\PyCharm Community Edition 2022.1.4\jbr\bin\server

VM Arguments:
java_command: git4idea.http.GitAskPassApp Username for 'https://github.com': 
java_class_path (initial): C:/Program Files/JetBrains/PyCharm Community Edition 2022.1.4/plugins/git4idea/lib/git4idea-rt.jar;C:/Program Files/JetBrains/PyCharm Community Edition 2022.1.4/lib/externalProcess-rt.jar;C:/Program Files/JetBrains/PyCharm Community Edition 2022.1.4/lib/app.jar;C:/Program Files/JetBrains/PyCharm Community Edition 2022.1.4/lib/3rd-party-rt.jar
Launcher Type: SUN_STANDARD

[Global flags]
     intx CICompilerCount                          = 4                                         {product} {ergonomic}
     uint ConcGCThreads                            = 2                                         {product} {ergonomic}
     uint G1ConcRefinementThreads                  = 8                                         {product} {ergonomic}
   size_t G1HeapRegionSize                         = 2097152                                   {product} {ergonomic}
    uintx GCDrainStackTargetSize                   = 64                                        {product} {ergonomic}
   size_t InitialHeapSize                          = 536870912                                 {product} {ergonomic}
   size_t MarkStackSize                            = 4194304                                   {product} {ergonomic}
   size_t MaxHeapSize                              = 8573157376                                {product} {ergonomic}
   size_t MinHeapDeltaBytes                        = 2097152                                   {product} {ergonomic}
    uintx NonNMethodCodeHeapSize                   = 5836300                                {pd product} {ergonomic}
    uintx NonProfiledCodeHeapSize                  = 122910970                              {pd product} {ergonomic}
    uintx ProfiledCodeHeapSize                     = 122910970                              {pd product} {ergonomic}
    uintx ReservedCodeCacheSize                    = 251658240                              {pd product} {ergonomic}
     bool SegmentedCodeCache                       = true                                      {product} {ergonomic}
     bool UseCompressedClassPointers               = true                                 {lp64_product} {ergonomic}
     bool UseCompressedOops                        = true                                 {lp64_product} {ergonomic}
     bool UseG1GC                                  = true                                      {product} {ergonomic}
     bool UseLargePagesIndividualAllocation        = false                                  {pd product} {ergonomic}

Logging:
Log output configuration:
 #0: stdout all=warning uptime,level,tags
 #1: stderr all=off uptime,level,tags

Environment Variables:
PATH=C:\PROGRAMS\Git\mingw64\libexec\git-core;C:\PROGRAMS\Git\mingw64\libexec\git-core;C:\PROGRAMS\Git\mingw64\bin;C:\PROGRAMS\Git\usr\bin;C:\Users\AlexSyS\bin;C:\Program Files (x86)\Common Files\Oracle\Java\javapath;C:\Program Files (x86)\Embarcadero\Studio\20.0\bin;C:\Users\Public\Documents\Embarcadero\Studio\20.0\Bpl;C:\Program Files (x86)\Embarcadero\Studio\20.0\bin64;C:\Users\Public\Documents\Embarcadero\Studio\20.0\Bpl\Win64;C:\Programs\Python310\Scripts;C:\Programs\Python310;C:\Windows\system32;C:\Windows;C:\Windows\System32\Wbem;C:\Windows\System32\WindowsPowerShell\v1.0;C:\Program Files (x86)\NVIDIA Corporation\PhysX\Common;C:\programs\tools;C:\Program Files\Crucial\Crucial Storage Executive;C:\HashiCorp\Vagrant\bin;C:\Program Files (x86)\Windows Kits\10\Windows Performance Toolkit;C:\Programs\Git\cmd;C:\Users\AlexSyS\AppData\Local\Microsoft\WindowsApps;C:\Program Files (x86)\mitmproxy\bin;C:\Program Files\JetBrains\PyCharm Community Edition 2022.1.4\bin
USERNAME=AlexSyS
DISPLAY=:0.0
LC_ALL=en_US.UTF-8
OS=Windows_NT
PROCESSOR_IDENTIFIER=Intel64 Family 6 Model 60 Stepping 3, GenuineIntel



---------------  S Y S T E M  ---------------

OS: Windows 10 , 64 bit Build 19041 (10.0.19041.662)
OS uptime: 63 days 1:19 hours

CPU:total 8 (initial active 8) (4 cores per cpu, 2 threads per core) family 6 model 60 stepping 3 microcode 0x27, cmov, cx8, fxsr, mmx, sse, sse2, sse3, ssse3, sse4.1, sse4.2, popcnt, avx, avx2, aes, clmul, erms, lzcnt, ht, tsc, tscinvbit, bmi1, bmi2, fma

Memory: 4k page, system-wide physical 32697M (12970M free)
TotalPageFile size 90191M (AvailPageFile size 285M)
current process WorkingSet (physical memory assigned to process): 10M, peak: 10M
current process commit charge ("private bytes"): 60M, peak: 572M

vm_info: OpenJDK 64-Bit Server VM (11.0.15+10-b2043.56) for windows-amd64 JRE (11.0.15+10-b2043.56), built on May 16 2022 02:28:12 by "" with MS VC++ 14.0 (VS2015)

END.
